Analysis & Synthesis report for table
Thu Mar 06 14:27:46 2014
Quartus II Version 9.1 Build 350 03/24/2010 Service Pack 2 SJ Web Edition


---------------------
; Table of Contents ;
---------------------
  1. Legal Notice
  2. Analysis & Synthesis Summary
  3. Analysis & Synthesis Settings
  4. Parallel Compilation
  5. Analysis & Synthesis Source Files Read
  6. Analysis & Synthesis Resource Usage Summary
  7. Analysis & Synthesis Resource Utilization by Entity
  8. State Machine - |lru|curr_state
  9. General Register Statistics
 10. Inverted Register Statistics
 11. Parameter Settings for User Entity Instance: lru_shiftreg:clock_hand|lpm_shiftreg:lpm_shiftreg_component
 12. Parameter Settings for User Entity Instance: nBitRegister:flag_reg
 13. lpm_shiftreg Parameter Settings by Entity Instance
 14. Port Connectivity Checks: "nBitRegister:flag_reg"
 15. Analysis & Synthesis Messages



----------------
; Legal Notice ;
----------------
Copyright (C) 1991-2010 Altera Corporation
Your use of Altera Corporation's design tools, logic functions 
and other software and tools, and its AMPP partner logic 
functions, and any output files from any of the foregoing 
(including device programming or simulation files), and any 
associated documentation or information are expressly subject 
to the terms and conditions of the Altera Program License 
Subscription Agreement, Altera MegaCore Function License 
Agreement, or other applicable license agreement, including, 
without limitation, that your use is for the sole purpose of 
programming logic devices manufactured by Altera and sold by 
Altera or its authorized distributors.  Please refer to the 
applicable agreement for further details.



+-----------------------------------------------------------------------------------+
; Analysis & Synthesis Summary                                                      ;
+------------------------------------+----------------------------------------------+
; Analysis & Synthesis Status        ; Successful - Thu Mar 06 14:27:46 2014        ;
; Quartus II Version                 ; 9.1 Build 350 03/24/2010 SP 2 SJ Web Edition ;
; Revision Name                      ; table                                        ;
; Top-level Entity Name              ; lru                                          ;
; Family                             ; Cyclone II                                   ;
; Total logic elements               ; 154                                          ;
;     Total combinational functions  ; 124                                          ;
;     Dedicated logic registers      ; 67                                           ;
; Total registers                    ; 67                                           ;
; Total pins                         ; 69                                           ;
; Total virtual pins                 ; 0                                            ;
; Total memory bits                  ; 0                                            ;
; Embedded Multiplier 9-bit elements ; 0                                            ;
; Total PLLs                         ; 0                                            ;
+------------------------------------+----------------------------------------------+


+----------------------------------------------------------------------------------------------------------------------+
; Analysis & Synthesis Settings                                                                                        ;
+----------------------------------------------------------------------------+--------------------+--------------------+
; Option                                                                     ; Setting            ; Default Value      ;
+----------------------------------------------------------------------------+--------------------+--------------------+
; Top-level entity name                                                      ; lru                ; table              ;
; Family name                                                                ; Cyclone II         ; Stratix II         ;
; Use Generated Physical Constraints File                                    ; Off                ;                    ;
; Use smart compilation                                                      ; Off                ; Off                ;
; Enable parallel Assembler and TimeQuest Timing Analyzer during compilation ; On                 ; On                 ;
; Enable compact report table                                                ; Off                ; Off                ;
; Restructure Multiplexers                                                   ; Auto               ; Auto               ;
; Create Debugging Nodes for IP Cores                                        ; Off                ; Off                ;
; Preserve fewer node names                                                  ; On                 ; On                 ;
; Disable OpenCore Plus hardware evaluation                                  ; Off                ; Off                ;
; Verilog Version                                                            ; Verilog_2001       ; Verilog_2001       ;
; VHDL Version                                                               ; VHDL_1993          ; VHDL_1993          ;
; State Machine Processing                                                   ; Auto               ; Auto               ;
; Safe State Machine                                                         ; Off                ; Off                ;
; Extract Verilog State Machines                                             ; On                 ; On                 ;
; Extract VHDL State Machines                                                ; On                 ; On                 ;
; Ignore Verilog initial constructs                                          ; Off                ; Off                ;
; Iteration limit for constant Verilog loops                                 ; 5000               ; 5000               ;
; Iteration limit for non-constant Verilog loops                             ; 250                ; 250                ;
; Add Pass-Through Logic to Inferred RAMs                                    ; On                 ; On                 ;
; Parallel Synthesis                                                         ; On                 ; On                 ;
; DSP Block Balancing                                                        ; Auto               ; Auto               ;
; NOT Gate Push-Back                                                         ; On                 ; On                 ;
; Power-Up Don't Care                                                        ; On                 ; On                 ;
; Remove Redundant Logic Cells                                               ; Off                ; Off                ;
; Remove Duplicate Registers                                                 ; On                 ; On                 ;
; Ignore CARRY Buffers                                                       ; Off                ; Off                ;
; Ignore CASCADE Buffers                                                     ; Off                ; Off                ;
; Ignore GLOBAL Buffers                                                      ; Off                ; Off                ;
; Ignore ROW GLOBAL Buffers                                                  ; Off                ; Off                ;
; Ignore LCELL Buffers                                                       ; Off                ; Off                ;
; Ignore SOFT Buffers                                                        ; On                 ; On                 ;
; Limit AHDL Integers to 32 Bits                                             ; Off                ; Off                ;
; Optimization Technique                                                     ; Balanced           ; Balanced           ;
; Carry Chain Length                                                         ; 70                 ; 70                 ;
; Auto Carry Chains                                                          ; On                 ; On                 ;
; Auto Open-Drain Pins                                                       ; On                 ; On                 ;
; Perform WYSIWYG Primitive Resynthesis                                      ; Off                ; Off                ;
; Auto ROM Replacement                                                       ; On                 ; On                 ;
; Auto RAM Replacement                                                       ; On                 ; On                 ;
; Auto Shift Register Replacement                                            ; Auto               ; Auto               ;
; Auto Clock Enable Replacement                                              ; On                 ; On                 ;
; Strict RAM Replacement                                                     ; Off                ; Off                ;
; Allow Synchronous Control Signals                                          ; On                 ; On                 ;
; Force Use of Synchronous Clear Signals                                     ; Off                ; Off                ;
; Auto RAM to Logic Cell Conversion                                          ; Off                ; Off                ;
; Auto Resource Sharing                                                      ; Off                ; Off                ;
; Allow Any RAM Size For Recognition                                         ; Off                ; Off                ;
; Allow Any ROM Size For Recognition                                         ; Off                ; Off                ;
; Allow Any Shift Register Size For Recognition                              ; Off                ; Off                ;
; Use LogicLock Constraints during Resource Balancing                        ; On                 ; On                 ;
; Ignore translate_off and synthesis_off directives                          ; Off                ; Off                ;
; Timing-Driven Synthesis                                                    ; Off                ; Off                ;
; Show Parameter Settings Tables in Synthesis Report                         ; On                 ; On                 ;
; Ignore Maximum Fan-Out Assignments                                         ; Off                ; Off                ;
; Synchronization Register Chain Length                                      ; 2                  ; 2                  ;
; PowerPlay Power Optimization                                               ; Normal compilation ; Normal compilation ;
; HDL message level                                                          ; Level2             ; Level2             ;
; Suppress Register Optimization Related Messages                            ; Off                ; Off                ;
; Number of Removed Registers Reported in Synthesis Report                   ; 5000               ; 5000               ;
; Number of Inverted Registers Reported in Synthesis Report                  ; 100                ; 100                ;
; Clock MUX Protection                                                       ; On                 ; On                 ;
; Auto Gated Clock Conversion                                                ; Off                ; Off                ;
; Block Design Naming                                                        ; Auto               ; Auto               ;
; SDC constraint protection                                                  ; Off                ; Off                ;
; Synthesis Effort                                                           ; Auto               ; Auto               ;
; Shift Register Replacement - Allow Asynchronous Clear Signal               ; On                 ; On                 ;
; Analysis & Synthesis Message Level                                         ; Medium             ; Medium             ;
; Disable Register Merging Across Hierarchies                                ; Auto               ; Auto               ;
; Resource Aware Inference For Block RAM                                     ; On                 ; On                 ;
+----------------------------------------------------------------------------+--------------------+--------------------+


Parallel compilation was disabled, but you have multiple processors available. Enable parallel compilation to reduce compilation time.
+-------------------------------------+
; Parallel Compilation                ;
+----------------------------+--------+
; Processors                 ; Number ;
+----------------------------+--------+
; Number detected on machine ; 2      ;
; Maximum allowed            ; 1      ;
+----------------------------+--------+


+------------------------------------------------------------------------------------------------------------------------------------------------------+
; Analysis & Synthesis Source Files Read                                                                                                               ;
+----------------------------------+-----------------+------------------------------+------------------------------------------------------------------+
; File Name with User-Entered Path ; Used in Netlist ; File Type                    ; File Name with Absolute Path                                     ;
+----------------------------------+-----------------+------------------------------+------------------------------------------------------------------+
; lru.vhd                          ; yes             ; User VHDL File               ; C:/Users/geo4/Documents/ECE 559/table/lru.vhd                    ;
; lru_shiftreg.vhd                 ; yes             ; User Wizard-Generated File   ; C:/Users/geo4/Documents/ECE 559/table/lru_shiftreg.vhd           ;
; nBitRegister.vhd                 ; yes             ; User VHDL File               ; C:/Users/geo4/Documents/ECE 559/table/nBitRegister.vhd           ;
; lpm_shiftreg.tdf                 ; yes             ; Megafunction                 ; c:/altera/91sp2/quartus/libraries/megafunctions/lpm_shiftreg.tdf ;
; lpm_constant.tdf                 ; yes             ; Megafunction                 ; c:/altera/91sp2/quartus/libraries/megafunctions/lpm_constant.tdf ;
; db/lpm_constant_1j4.tdf          ; yes             ; Auto-Generated Megafunction  ; C:/Users/geo4/Documents/ECE 559/table/db/lpm_constant_1j4.tdf    ;
+----------------------------------+-----------------+------------------------------+------------------------------------------------------------------+


+-----------------------------------------------------+
; Analysis & Synthesis Resource Usage Summary         ;
+---------------------------------------------+-------+
; Resource                                    ; Usage ;
+---------------------------------------------+-------+
; Estimated Total logic elements              ; 154   ;
;                                             ;       ;
; Total combinational functions               ; 124   ;
; Logic element usage by number of LUT inputs ;       ;
;     -- 4 input functions                    ; 86    ;
;     -- 3 input functions                    ; 34    ;
;     -- <=2 input functions                  ; 4     ;
;                                             ;       ;
; Logic elements by mode                      ;       ;
;     -- normal mode                          ; 124   ;
;     -- arithmetic mode                      ; 0     ;
;                                             ;       ;
; Total registers                             ; 67    ;
;     -- Dedicated logic registers            ; 67    ;
;     -- I/O registers                        ; 0     ;
;                                             ;       ;
; I/O pins                                    ; 69    ;
; Maximum fan-out node                        ; clk   ;
; Maximum fan-out                             ; 67    ;
; Total fan-out                               ; 718   ;
; Average fan-out                             ; 2.76  ;
+---------------------------------------------+-------+


+-------------------------------------------------------------------------------------------------------------------------------------------------------------------------------------------------------------------------------------------+
; Analysis & Synthesis Resource Utilization by Entity                                                                                                                                                                                       ;
+---------------------------------------------+-------------------+--------------+-------------+--------------+---------+-----------+------+--------------+------------------------------------------------------------------+--------------+
; Compilation Hierarchy Node                  ; LC Combinationals ; LC Registers ; Memory Bits ; DSP Elements ; DSP 9x9 ; DSP 18x18 ; Pins ; Virtual Pins ; Full Hierarchy Name                                              ; Library Name ;
+---------------------------------------------+-------------------+--------------+-------------+--------------+---------+-----------+------+--------------+------------------------------------------------------------------+--------------+
; |lru                                        ; 124 (122)         ; 67 (3)       ; 0           ; 0            ; 0       ; 0         ; 69   ; 0            ; |lru                                                             ; work         ;
;    |lru_shiftreg:clock_hand|                ; 2 (0)             ; 32 (0)       ; 0           ; 0            ; 0       ; 0         ; 0    ; 0            ; |lru|lru_shiftreg:clock_hand                                     ;              ;
;       |lpm_shiftreg:lpm_shiftreg_component| ; 2 (2)             ; 32 (32)      ; 0           ; 0            ; 0       ; 0         ; 0    ; 0            ; |lru|lru_shiftreg:clock_hand|lpm_shiftreg:lpm_shiftreg_component ;              ;
;    |nBitRegister:flag_reg|                  ; 0 (0)             ; 32 (32)      ; 0           ; 0            ; 0       ; 0         ; 0    ; 0            ; |lru|nBitRegister:flag_reg                                       ; work         ;
+---------------------------------------------+-------------------+--------------+-------------+--------------+---------+-----------+------+--------------+------------------------------------------------------------------+--------------+
Note: For table entries with two numbers listed, the numbers in parentheses indicate the number of resources of the given type used by the specific entity alone. The numbers listed outside of parentheses indicate the total resources of the given type used by the specific entity and all of its sub-entities in the hierarchy.


Encoding Type:  One-Hot
+-----------------------------------------------------------------------------+
; State Machine - |lru|curr_state                                             ;
+-------------------+------------------+-------------------+------------------+
; Name              ; curr_state.valid ; curr_state.search ; curr_state.ready ;
+-------------------+------------------+-------------------+------------------+
; curr_state.ready  ; 0                ; 0                 ; 0                ;
; curr_state.search ; 0                ; 1                 ; 1                ;
; curr_state.valid  ; 1                ; 0                 ; 1                ;
+-------------------+------------------+-------------------+------------------+


+------------------------------------------------------+
; General Register Statistics                          ;
+----------------------------------------------+-------+
; Statistic                                    ; Value ;
+----------------------------------------------+-------+
; Total registers                              ; 67    ;
; Number of registers using Synchronous Clear  ; 0     ;
; Number of registers using Synchronous Load   ; 0     ;
; Number of registers using Asynchronous Clear ; 67    ;
; Number of registers using Asynchronous Load  ; 0     ;
; Number of registers using Clock Enable       ; 32    ;
; Number of registers using Preset             ; 0     ;
+----------------------------------------------+-------+


+-------------------------------------------------------------------------------+
; Inverted Register Statistics                                                  ;
+---------------------------------------------------------------------+---------+
; Inverted Register                                                   ; Fan out ;
+---------------------------------------------------------------------+---------+
; lru_shiftreg:clock_hand|lpm_shiftreg:lpm_shiftreg_component|dffs[0] ; 5       ;
; Total number of inverted registers = 1                              ;         ;
+---------------------------------------------------------------------+---------+


+----------------------------------------------------------------------------------------------------------+
; Parameter Settings for User Entity Instance: lru_shiftreg:clock_hand|lpm_shiftreg:lpm_shiftreg_component ;
+------------------------+------------+--------------------------------------------------------------------+
; Parameter Name         ; Value      ; Type                                                               ;
+------------------------+------------+--------------------------------------------------------------------+
; LPM_WIDTH              ; 32         ; Signed Integer                                                     ;
; LPM_DIRECTION          ; LEFT       ; Untyped                                                            ;
; LPM_AVALUE             ; 1          ; Untyped                                                            ;
; LPM_SVALUE             ; UNUSED     ; Untyped                                                            ;
; DEVICE_FAMILY          ; Cyclone II ; Untyped                                                            ;
; AUTO_CARRY_CHAINS      ; ON         ; AUTO_CARRY                                                         ;
; IGNORE_CARRY_BUFFERS   ; OFF        ; IGNORE_CARRY                                                       ;
; AUTO_CASCADE_CHAINS    ; ON         ; AUTO_CASCADE                                                       ;
; IGNORE_CASCADE_BUFFERS ; OFF        ; IGNORE_CASCADE                                                     ;
+------------------------+------------+--------------------------------------------------------------------+
Note: In order to hide this table in the UI and the text report file, please set the "Show Parameter Settings Tables in Synthesis Report" option in "Analysis and Synthesis Settings -> More Settings" to "Off".


+--------------------------------------------------------------------+
; Parameter Settings for User Entity Instance: nBitRegister:flag_reg ;
+----------------+-------+-------------------------------------------+
; Parameter Name ; Value ; Type                                      ;
+----------------+-------+-------------------------------------------+
; n              ; 32    ; Signed Integer                            ;
+----------------+-------+-------------------------------------------+
Note: In order to hide this table in the UI and the text report file, please set the "Show Parameter Settings Tables in Synthesis Report" option in "Analysis and Synthesis Settings -> More Settings" to "Off".


+------------------------------------------------------------------------------------------+
; lpm_shiftreg Parameter Settings by Entity Instance                                       ;
+----------------------------+-------------------------------------------------------------+
; Name                       ; Value                                                       ;
+----------------------------+-------------------------------------------------------------+
; Number of entity instances ; 1                                                           ;
; Entity Instance            ; lru_shiftreg:clock_hand|lpm_shiftreg:lpm_shiftreg_component ;
;     -- LPM_WIDTH           ; 32                                                          ;
;     -- LPM_DIRECTION       ; LEFT                                                        ;
+----------------------------+-------------------------------------------------------------+


+----------------------------------------------------+
; Port Connectivity Checks: "nBitRegister:flag_reg"  ;
+------------------+-------+----------+--------------+
; Port             ; Type  ; Severity ; Details      ;
+------------------+-------+----------+--------------+
; ctrl_writeenable ; Input ; Info     ; Stuck at VCC ;
+------------------+-------+----------+--------------+


+-------------------------------+
; Analysis & Synthesis Messages ;
+-------------------------------+
Info: *******************************************************************
Info: Running Quartus II Analysis & Synthesis
    Info: Version 9.1 Build 350 03/24/2010 Service Pack 2 SJ Web Edition
    Info: Processing started: Thu Mar 06 14:27:42 2014
Info: Command: quartus_map --read_settings_files=on --write_settings_files=off table -c table
Info: Found 2 design units, including 1 entities, in source file controller.vhd
    Info: Found design unit 1: controller-fsm
    Info: Found entity 1: controller
Info: Found 2 design units, including 1 entities, in source file lru.vhd
    Info: Found design unit 1: lru-structure
    Info: Found entity 1: lru
Info: Found 2 design units, including 1 entities, in source file timeout.vhd
    Info: Found design unit 1: timeout-fsm
    Info: Found entity 1: timeout
Info: Found 2 design units, including 1 entities, in source file cam.vhd
    Info: Found design unit 1: CAM-struct
    Info: Found entity 1: CAM
Info: Found 2 design units, including 1 entities, in source file mac_latch.vhd
    Info: Found design unit 1: mac_latch-SYN
    Info: Found entity 1: mac_latch
Info: Found 2 design units, including 1 entities, in source file table.vhd
    Info: Found design unit 1: table-struct
    Info: Found entity 1: table
Info: Found 2 design units, including 1 entities, in source file port_latch.vhd
    Info: Found design unit 1: port_latch-SYN
    Info: Found entity 1: port_latch
Info: Found 2 design units, including 1 entities, in source file timeout_counter.vhd
    Info: Found design unit 1: timeout_counter-SYN
    Info: Found entity 1: timeout_counter
Info: Found 2 design units, including 1 entities, in source file timeout_latch.vhd
    Info: Found design unit 1: timeout_latch-SYN
    Info: Found entity 1: timeout_latch
Info: Found 2 design units, including 1 entities, in source file lru_shiftreg.vhd
    Info: Found design unit 1: lru_shiftreg-SYN
    Info: Found entity 1: lru_shiftreg
Info: Found 2 design units, including 1 entities, in source file nbitregister.vhd
    Info: Found design unit 1: nBitRegister-Structure
    Info: Found entity 1: nBitRegister
Info: Elaborating entity "lru" for the top level hierarchy
Info: Elaborating entity "lru_shiftreg" for hierarchy "lru_shiftreg:clock_hand"
Info: Elaborating entity "lpm_shiftreg" for hierarchy "lru_shiftreg:clock_hand|lpm_shiftreg:lpm_shiftreg_component"
Info: Elaborated megafunction instantiation "lru_shiftreg:clock_hand|lpm_shiftreg:lpm_shiftreg_component"
Info: Instantiated megafunction "lru_shiftreg:clock_hand|lpm_shiftreg:lpm_shiftreg_component" with the following parameter:
    Info: Parameter "lpm_avalue" = "1"
    Info: Parameter "lpm_direction" = "LEFT"
    Info: Parameter "lpm_type" = "LPM_SHIFTREG"
    Info: Parameter "lpm_width" = "32"
Info: Elaborating entity "lpm_constant" for hierarchy "lru_shiftreg:clock_hand|lpm_shiftreg:lpm_shiftreg_component|lpm_constant:ac"
Info: Elaborated megafunction instantiation "lru_shiftreg:clock_hand|lpm_shiftreg:lpm_shiftreg_component|lpm_constant:ac", which is child of megafunction instantiation "lru_shiftreg:clock_hand|lpm_shiftreg:lpm_shiftreg_component"
Info: Found 1 design units, including 1 entities, in source file db/lpm_constant_1j4.tdf
    Info: Found entity 1: lpm_constant_1j4
Info: Elaborating entity "lpm_constant_1j4" for hierarchy "lru_shiftreg:clock_hand|lpm_shiftreg:lpm_shiftreg_component|lpm_constant:ac|lpm_constant_1j4:ag"
Info: Elaborating entity "nBitRegister" for hierarchy "nBitRegister:flag_reg"
Info: Registers with preset signals will power-up high
Info: DEV_CLRn pin will set, and not reset, register with preset signal due to NOT Gate Push-Back
Info: Implemented 223 device resources after synthesis - the final resource count might be different
    Info: Implemented 36 input pins
    Info: Implemented 33 output pins
    Info: Implemented 154 logic cells
Info: Quartus II Analysis & Synthesis was successful. 0 errors, 0 warnings
    Info: Peak virtual memory: 234 megabytes
    Info: Processing ended: Thu Mar 06 14:27:46 2014
    Info: Elapsed time: 00:00:04
    Info: Total CPU time (on all processors): 00:00:04


